app/build/intermediates/manifest_merge_blame_file/debug/manifest-merger-blame-debug-report.txt
1<?xml version="1.0" encoding="utf-8"?>
2<manifest xmlns:android="http://schemas.android.com/apk/res/android"
3    package="com.pmdm.adogtale"
4    android:versionCode="1"
5    android:versionName="1.0" >
6
7    <uses-sdk
8        android:minSdkVersion="24"
8-->src\main\AndroidManifest.xml
9        android:targetSdkVersion="33" />
9-->src\main\AndroidManifest.xml
10
11    <uses-permission android:name="android.permission.INTERNET" />
11-->src\main\AndroidManifest.xml:5:5-67
11-->src\main\AndroidManifest.xml:5:22-64
12    <uses-permission android:name="android.permission.ACCESS_NETWORK_STATE" />
12-->src\main\AndroidManifest.xml:6:5-79
12-->src\main\AndroidManifest.xml:6:22-76
13    <uses-permission android:name="android.permission.READ_EXTERNAL_STORAGE" />
13-->src\main\AndroidManifest.xml:7:5-80
13-->src\main\AndroidManifest.xml:7:22-77
14    <uses-permission android:name="android.permission.POST_NOTIFICATIONS" />
14-->src\main\AndroidManifest.xml:8:5-77
14-->src\main\AndroidManifest.xml:8:22-74
15    <uses-permission android:name="android.permission.STATUS_BAR_COLOR" />
15-->src\main\AndroidManifest.xml:9:5-75
15-->src\main\AndroidManifest.xml:9:22-72
16
17    <!-- See https://developer.android.com/training/package-visibility/declaring for more details. -->
18    <queries>
18-->[com.stripe:payments-core:20.43.0] AndroidManifest.xml:8:5-12:15
19
20        <!-- Added to check if Chrome is installed for browser-based payment authentication (e.g. 3DS1). -->
21        <package android:name="com.android.chrome" />
21-->[com.stripe:payments-core:20.43.0] AndroidManifest.xml:11:9-54
21-->[com.stripe:payments-core:20.43.0] AndroidManifest.xml:11:18-51
22
23        <intent>
23-->[com.google.firebase:firebase-inappmessaging-display:20.4.1] AndroidManifest.xml:11:9-15:18
24            <action android:name="android.intent.action.VIEW" />
24-->[com.stripe:link:20.43.0] AndroidManifest.xml:21:17-69
24-->[com.stripe:link:20.43.0] AndroidManifest.xml:21:25-66
25
26            <data android:scheme="https" />
26-->[com.stripe:link:20.43.0] AndroidManifest.xml:26:17-29:51
26-->[com.stripe:link:20.43.0] AndroidManifest.xml:29:21-48
27        </intent> <!-- Query Camera Packages -->
28        <intent>
28-->[com.github.dhaval2404:imagepicker:2.1] AndroidManifest.xml:12:9-14:18
29            <action android:name="android.media.action.IMAGE_CAPTURE" />
29-->[com.github.dhaval2404:imagepicker:2.1] AndroidManifest.xml:13:13-73
29-->[com.github.dhaval2404:imagepicker:2.1] AndroidManifest.xml:13:21-70
30        </intent> <!-- Query Open Document -->
31        <intent>
31-->[com.github.dhaval2404:imagepicker:2.1] AndroidManifest.xml:16:9-18:18
32            <action android:name="android.intent.action.OPEN_DOCUMENT_TREE" />
32-->[com.github.dhaval2404:imagepicker:2.1] AndroidManifest.xml:17:13-79
32-->[com.github.dhaval2404:imagepicker:2.1] AndroidManifest.xml:17:21-76
33        </intent> <!-- Needs to be explicitly declared on Android R+ -->
34        <package android:name="com.google.android.apps.maps" />
34-->[com.google.android.gms:play-services-maps:18.0.2] AndroidManifest.xml:33:9-64
34-->[com.google.android.gms:play-services-maps:18.0.2] AndroidManifest.xml:33:18-61
35    </queries>
36
37    <uses-permission android:name="android.permission.WAKE_LOCK" /> <!-- Required by older versions of Google Play services to create IID tokens -->
37-->[com.google.firebase:firebase-messaging:23.4.1] AndroidManifest.xml:24:5-68
37-->[com.google.firebase:firebase-messaging:23.4.1] AndroidManifest.xml:24:22-65
38    <uses-permission android:name="com.google.android.c2dm.permission.RECEIVE" />
38-->[com.google.firebase:firebase-messaging:23.4.1] AndroidManifest.xml:26:5-82
38-->[com.google.firebase:firebase-messaging:23.4.1] AndroidManifest.xml:26:22-79
39    <uses-permission android:name="com.google.android.gms.permission.AD_ID" />
39-->[com.google.android.gms:play-services-measurement-api:21.6.1] AndroidManifest.xml:25:5-79
39-->[com.google.android.gms:play-services-measurement-api:21.6.1] AndroidManifest.xml:25:22-76
40    <uses-permission android:name="android.permission.ACCESS_ADSERVICES_ATTRIBUTION" />
40-->[com.google.android.gms:play-services-measurement-api:21.6.1] AndroidManifest.xml:26:5-88
40-->[com.google.android.gms:play-services-measurement-api:21.6.1] AndroidManifest.xml:26:22-85
41    <uses-permission android:name="android.permission.ACCESS_ADSERVICES_AD_ID" />
41-->[com.google.android.gms:play-services-measurement-api:21.6.1] AndroidManifest.xml:27:5-82
41-->[com.google.android.gms:play-services-measurement-api:21.6.1] AndroidManifest.xml:27:22-79
42    <uses-permission android:name="com.google.android.finsky.permission.BIND_GET_INSTALL_REFERRER_SERVICE" />
42-->[com.google.android.gms:play-services-measurement:21.6.1] AndroidManifest.xml:26:5-110
42-->[com.google.android.gms:play-services-measurement:21.6.1] AndroidManifest.xml:26:22-107
43    <uses-permission android:name="com.google.android.providers.gsf.permission.READ_GSERVICES" />
43-->[com.google.android.recaptcha:recaptcha:18.4.0] AndroidManifest.xml:9:5-98
43-->[com.google.android.recaptcha:recaptcha:18.4.0] AndroidManifest.xml:9:22-95
44
45    <uses-feature
45-->[com.google.android.gms:play-services-maps:18.0.2] AndroidManifest.xml:26:5-28:35
46        android:glEsVersion="0x00020000"
46-->[com.google.android.gms:play-services-maps:18.0.2] AndroidManifest.xml:27:9-41
47        android:required="true" />
47-->[com.google.android.gms:play-services-maps:18.0.2] AndroidManifest.xml:28:9-32
48
49    <permission
49-->[androidx.core:core:1.12.0] AndroidManifest.xml:22:5-24:47
50        android:name="com.pmdm.adogtale.DYNAMIC_RECEIVER_NOT_EXPORTED_PERMISSION"
50-->[androidx.core:core:1.12.0] AndroidManifest.xml:23:9-81
51        android:protectionLevel="signature" />
51-->[androidx.core:core:1.12.0] AndroidManifest.xml:24:9-44
52
53    <uses-permission android:name="com.pmdm.adogtale.DYNAMIC_RECEIVER_NOT_EXPORTED_PERMISSION" />
53-->[androidx.core:core:1.12.0] AndroidManifest.xml:26:5-97
53-->[androidx.core:core:1.12.0] AndroidManifest.xml:26:22-94
54
55    <application
55-->src\main\AndroidManifest.xml:11:5-110:19
56        android:allowBackup="true"
56-->src\main\AndroidManifest.xml:12:9-35
57        android:appComponentFactory="androidx.core.app.CoreComponentFactory"
57-->[androidx.core:core:1.12.0] AndroidManifest.xml:28:18-86
58        android:dataExtractionRules="@xml/data_extraction_rules"
58-->src\main\AndroidManifest.xml:13:9-65
59        android:debuggable="true"
60        android:extractNativeLibs="false"
61        android:fullBackupContent="@xml/backup_rules"
61-->src\main\AndroidManifest.xml:14:9-54
62        android:icon="@mipmap/ic_launcher"
62-->src\main\AndroidManifest.xml:15:9-43
63        android:label="@string/app_name"
63-->src\main\AndroidManifest.xml:16:9-41
64        android:roundIcon="@mipmap/ic_launcher_round"
64-->src\main\AndroidManifest.xml:17:9-54
65        android:supportsRtl="true"
65-->src\main\AndroidManifest.xml:18:9-35
66        android:testOnly="true"
67        android:theme="@style/Theme.ADogTale" >
67-->src\main\AndroidManifest.xml:19:9-46
68        <activity
68-->src\main\AndroidManifest.xml:21:9-24:51
69            android:name="com.pmdm.adogtale.ui.OptionsActivity"
69-->src\main\AndroidManifest.xml:22:13-47
70            android:exported="false"
70-->src\main\AndroidManifest.xml:23:13-37
71            android:screenOrientation="portrait" />
71-->src\main\AndroidManifest.xml:24:13-49
72        <activity
72-->src\main\AndroidManifest.xml:25:9-28:51
73            android:name="com.pmdm.adogtale.ui.EditUserActivity"
73-->src\main\AndroidManifest.xml:26:13-48
74            android:exported="false"
74-->src\main\AndroidManifest.xml:27:13-37
75            android:screenOrientation="portrait" />
75-->src\main\AndroidManifest.xml:28:13-49
76        <activity
76-->src\main\AndroidManifest.xml:29:9-32:51
77            android:name="com.pmdm.adogtale.ui.EditProfileActivity"
77-->src\main\AndroidManifest.xml:30:13-51
78            android:exported="false"
78-->src\main\AndroidManifest.xml:31:13-37
79            android:screenOrientation="portrait" />
79-->src\main\AndroidManifest.xml:32:13-49
80        <activity
80-->src\main\AndroidManifest.xml:33:9-36:51
81            android:name="com.pmdm.adogtale.ui.DeleteAccountActivity"
81-->src\main\AndroidManifest.xml:34:13-53
82            android:exported="false"
82-->src\main\AndroidManifest.xml:35:13-37
83            android:screenOrientation="portrait" />
83-->src\main\AndroidManifest.xml:36:13-49
84        <activity
84-->src\main\AndroidManifest.xml:37:9-46:20
85            android:name="com.pmdm.adogtale.ui.ChatActivity"
85-->src\main\AndroidManifest.xml:38:13-44
86            android:exported="false"
86-->src\main\AndroidManifest.xml:39:13-37
87            android:screenOrientation="portrait" >
87-->src\main\AndroidManifest.xml:40:13-49
88            <intent-filter>
88-->src\main\AndroidManifest.xml:41:13-45:29
89                <action android:name="adt.OPEN_CHAT_ACTION" />
89-->src\main\AndroidManifest.xml:42:17-63
89-->src\main\AndroidManifest.xml:42:25-60
90
91                <category android:name="android.intent.category.DEFAULT" />
91-->src\main\AndroidManifest.xml:44:17-76
91-->src\main\AndroidManifest.xml:44:27-73
92            </intent-filter>
93        </activity>
94        <activity
94-->src\main\AndroidManifest.xml:47:9-50:51
95            android:name="com.pmdm.adogtale.checkout.CheckoutActivity"
95-->src\main\AndroidManifest.xml:48:13-54
96            android:exported="false"
96-->src\main\AndroidManifest.xml:49:13-37
97            android:screenOrientation="portrait" />
97-->src\main\AndroidManifest.xml:50:13-49
98        <activity
98-->src\main\AndroidManifest.xml:51:9-54:51
99            android:name="com.pmdm.adogtale.ui.SplashScreenActivity"
99-->src\main\AndroidManifest.xml:52:13-52
100            android:exported="false"
100-->src\main\AndroidManifest.xml:53:13-37
101            android:screenOrientation="portrait" />
101-->src\main\AndroidManifest.xml:54:13-49
102        <activity
102-->src\main\AndroidManifest.xml:55:9-58:51
103            android:name="com.pmdm.adogtale.chat.ChatListActivity"
103-->src\main\AndroidManifest.xml:56:13-50
104            android:exported="false"
104-->src\main\AndroidManifest.xml:57:13-37
105            android:screenOrientation="portrait" />
105-->src\main\AndroidManifest.xml:58:13-49
106        <activity
106-->src\main\AndroidManifest.xml:59:9-62:51
107            android:name="com.pmdm.adogtale.matches.MatchesListActivity"
107-->src\main\AndroidManifest.xml:60:13-56
108            android:exported="false"
108-->src\main\AndroidManifest.xml:61:13-37
109            android:screenOrientation="portrait" />
109-->src\main\AndroidManifest.xml:62:13-49
110        <activity
110-->src\main\AndroidManifest.xml:63:9-66:51
111            android:name="com.pmdm.adogtale.ui.CardSwipeActivity"
111-->src\main\AndroidManifest.xml:64:13-49
112            android:exported="false"
112-->src\main\AndroidManifest.xml:65:13-37
113            android:screenOrientation="portrait" />
113-->src\main\AndroidManifest.xml:66:13-49
114        <activity
114-->src\main\AndroidManifest.xml:67:9-70:51
115            android:name="com.pmdm.adogtale.ui.BuddyProfileActivity2"
115-->src\main\AndroidManifest.xml:68:13-53
116            android:exported="false"
116-->src\main\AndroidManifest.xml:69:13-37
117            android:screenOrientation="portrait" />
117-->src\main\AndroidManifest.xml:70:13-49
118        <activity
118-->src\main\AndroidManifest.xml:71:9-74:51
119            android:name="com.pmdm.adogtale.ui.BuddyProfileActivity"
119-->src\main\AndroidManifest.xml:72:13-52
120            android:exported="false"
120-->src\main\AndroidManifest.xml:73:13-37
121            android:screenOrientation="portrait" />
121-->src\main\AndroidManifest.xml:74:13-49
122        <activity
122-->src\main\AndroidManifest.xml:75:9-78:51
123            android:name="com.pmdm.adogtale.ui.SignUpActivity2"
123-->src\main\AndroidManifest.xml:76:13-47
124            android:exported="false"
124-->src\main\AndroidManifest.xml:77:13-37
125            android:screenOrientation="portrait" />
125-->src\main\AndroidManifest.xml:78:13-49
126        <activity
126-->src\main\AndroidManifest.xml:79:9-82:51
127            android:name="com.pmdm.adogtale.ui.ForgotPassActivity"
127-->src\main\AndroidManifest.xml:80:13-50
128            android:exported="false"
128-->src\main\AndroidManifest.xml:81:13-37
129            android:screenOrientation="portrait" />
129-->src\main\AndroidManifest.xml:82:13-49
130        <activity
130-->src\main\AndroidManifest.xml:83:9-86:51
131            android:name="com.pmdm.adogtale.ui.SignUpActivity"
131-->src\main\AndroidManifest.xml:84:13-46
132            android:exported="false"
132-->src\main\AndroidManifest.xml:85:13-37
133            android:screenOrientation="portrait" />
133-->src\main\AndroidManifest.xml:86:13-49
134        <activity
134-->src\main\AndroidManifest.xml:87:9-90:51
135            android:name="com.pmdm.adogtale.description.DescriptionActivity"
135-->src\main\AndroidManifest.xml:88:13-60
136            android:exported="false"
136-->src\main\AndroidManifest.xml:89:13-37
137            android:screenOrientation="portrait" />
137-->src\main\AndroidManifest.xml:90:13-49
138        <activity
138-->src\main\AndroidManifest.xml:91:9-101:20
139            android:name="com.pmdm.adogtale.AuthActivity"
139-->src\main\AndroidManifest.xml:92:13-41
140            android:exported="true"
140-->src\main\AndroidManifest.xml:94:13-36
141            android:screenOrientation="portrait"
141-->src\main\AndroidManifest.xml:95:13-49
142            android:windowSoftInputMode="adjustResize" >
142-->src\main\AndroidManifest.xml:93:13-55
143            <intent-filter>
143-->src\main\AndroidManifest.xml:96:13-100:29
144                <action android:name="android.intent.action.MAIN" />
144-->src\main\AndroidManifest.xml:97:17-69
144-->src\main\AndroidManifest.xml:97:25-66
145
146                <category android:name="android.intent.category.LAUNCHER" />
146-->src\main\AndroidManifest.xml:99:17-77
146-->src\main\AndroidManifest.xml:99:27-74
147            </intent-filter>
148        </activity>
149
150        <service
150-->src\main\AndroidManifest.xml:103:9-109:19
151            android:name="com.pmdm.adogtale.push_notification.MessagingEventsListener"
151-->src\main\AndroidManifest.xml:104:13-70
152            android:exported="false" >
152-->src\main\AndroidManifest.xml:105:13-37
153            <intent-filter>
153-->src\main\AndroidManifest.xml:106:13-108:29
154                <action android:name="com.google.firebase.MESSAGING_EVENT" />
154-->src\main\AndroidManifest.xml:107:17-78
154-->src\main\AndroidManifest.xml:107:25-75
155            </intent-filter>
156        </service>
157
158        <activity
158-->[com.stripe:paymentsheet:20.43.0] AndroidManifest.xml:8:9-12:58
159            android:name="com.stripe.android.paymentsheet.PaymentSheetActivity"
159-->[com.stripe:paymentsheet:20.43.0] AndroidManifest.xml:9:13-80
160            android:exported="false"
160-->[com.stripe:paymentsheet:20.43.0] AndroidManifest.xml:10:13-37
161            android:theme="@style/StripePaymentSheetDefaultTheme"
161-->[com.stripe:paymentsheet:20.43.0] AndroidManifest.xml:11:13-66
162            android:windowSoftInputMode="adjustResize" />
162-->[com.stripe:paymentsheet:20.43.0] AndroidManifest.xml:12:13-55
163        <activity
163-->[com.stripe:paymentsheet:20.43.0] AndroidManifest.xml:13:9-17:58
164            android:name="com.stripe.android.paymentsheet.PaymentOptionsActivity"
164-->[com.stripe:paymentsheet:20.43.0] AndroidManifest.xml:14:13-82
165            android:exported="false"
165-->[com.stripe:paymentsheet:20.43.0] AndroidManifest.xml:15:13-37
166            android:theme="@style/StripePaymentSheetDefaultTheme"
166-->[com.stripe:paymentsheet:20.43.0] AndroidManifest.xml:16:13-66
167            android:windowSoftInputMode="adjustResize" />
167-->[com.stripe:paymentsheet:20.43.0] AndroidManifest.xml:17:13-55
168        <activity
168-->[com.stripe:paymentsheet:20.43.0] AndroidManifest.xml:18:9-22:58
169            android:name="com.stripe.android.customersheet.CustomerSheetActivity"
169-->[com.stripe:paymentsheet:20.43.0] AndroidManifest.xml:19:13-82
170            android:exported="false"
170-->[com.stripe:paymentsheet:20.43.0] AndroidManifest.xml:20:13-37
171            android:theme="@style/StripePaymentSheetDefaultTheme"
171-->[com.stripe:paymentsheet:20.43.0] AndroidManifest.xml:21:13-66
172            android:windowSoftInputMode="adjustResize" />
172-->[com.stripe:paymentsheet:20.43.0] AndroidManifest.xml:22:13-55
173        <activity
173-->[com.stripe:paymentsheet:20.43.0] AndroidManifest.xml:23:9-26:69
174            android:name="com.stripe.android.paymentsheet.addresselement.AddressElementActivity"
174-->[com.stripe:paymentsheet:20.43.0] AndroidManifest.xml:24:13-97
175            android:exported="false"
175-->[com.stripe:paymentsheet:20.43.0] AndroidManifest.xml:25:13-37
176            android:theme="@style/StripePaymentSheetDefaultTheme" />
176-->[com.stripe:paymentsheet:20.43.0] AndroidManifest.xml:26:13-66
177        <activity
177-->[com.stripe:paymentsheet:20.43.0] AndroidManifest.xml:27:9-30:69
178            android:name="com.stripe.android.paymentsheet.paymentdatacollection.bacs.BacsMandateConfirmationActivity"
178-->[com.stripe:paymentsheet:20.43.0] AndroidManifest.xml:28:13-118
179            android:exported="false"
179-->[com.stripe:paymentsheet:20.43.0] AndroidManifest.xml:29:13-37
180            android:theme="@style/StripePaymentSheetDefaultTheme" />
180-->[com.stripe:paymentsheet:20.43.0] AndroidManifest.xml:30:13-66
181        <activity
181-->[com.stripe:paymentsheet:20.43.0] AndroidManifest.xml:31:9-34:69
182            android:name="com.stripe.android.paymentsheet.paymentdatacollection.polling.PollingActivity"
182-->[com.stripe:paymentsheet:20.43.0] AndroidManifest.xml:32:13-105
183            android:exported="false"
183-->[com.stripe:paymentsheet:20.43.0] AndroidManifest.xml:33:13-37
184            android:theme="@style/StripePaymentSheetDefaultTheme" />
184-->[com.stripe:paymentsheet:20.43.0] AndroidManifest.xml:34:13-66
185        <activity
185-->[com.stripe:paymentsheet:20.43.0] AndroidManifest.xml:35:9-38:69
186            android:name="com.stripe.android.paymentsheet.ui.SepaMandateActivity"
186-->[com.stripe:paymentsheet:20.43.0] AndroidManifest.xml:36:13-82
187            android:exported="false"
187-->[com.stripe:paymentsheet:20.43.0] AndroidManifest.xml:37:13-37
188            android:theme="@style/StripePaymentSheetDefaultTheme" />
188-->[com.stripe:paymentsheet:20.43.0] AndroidManifest.xml:38:13-66
189        <activity
189-->[com.stripe:paymentsheet:20.43.0] AndroidManifest.xml:39:9-42:68
190            android:name="com.stripe.android.paymentsheet.ExternalPaymentMethodProxyActivity"
190-->[com.stripe:paymentsheet:20.43.0] AndroidManifest.xml:40:13-94
191            android:exported="false"
191-->[com.stripe:paymentsheet:20.43.0] AndroidManifest.xml:41:13-37
192            android:theme="@style/StripePayLauncherDefaultTheme" />
192-->[com.stripe:paymentsheet:20.43.0] AndroidManifest.xml:42:13-65
193        <activity
193-->[com.stripe:link:20.43.0] AndroidManifest.xml:8:9-13:61
194            android:name="com.stripe.android.link.LinkForegroundActivity"
194-->[com.stripe:link:20.43.0] AndroidManifest.xml:9:13-74
195            android:autoRemoveFromRecents="true"
195-->[com.stripe:link:20.43.0] AndroidManifest.xml:10:13-49
196            android:configChanges="orientation|keyboard|keyboardHidden|screenLayout|screenSize|smallestScreenSize"
196-->[com.stripe:link:20.43.0] AndroidManifest.xml:11:13-115
197            android:launchMode="singleTop"
197-->[com.stripe:link:20.43.0] AndroidManifest.xml:12:13-43
198            android:theme="@style/StripeTransparentTheme" />
198-->[com.stripe:link:20.43.0] AndroidManifest.xml:13:13-58
199        <activity
199-->[com.stripe:link:20.43.0] AndroidManifest.xml:14:9-31:20
200            android:name="com.stripe.android.link.LinkRedirectHandlerActivity"
200-->[com.stripe:link:20.43.0] AndroidManifest.xml:15:13-79
201            android:autoRemoveFromRecents="true"
201-->[com.stripe:link:20.43.0] AndroidManifest.xml:16:13-49
202            android:exported="true"
202-->[com.stripe:link:20.43.0] AndroidManifest.xml:17:13-36
203            android:launchMode="singleInstance"
203-->[com.stripe:link:20.43.0] AndroidManifest.xml:18:13-48
204            android:theme="@style/StripeTransparentTheme" >
204-->[com.stripe:link:20.43.0] AndroidManifest.xml:19:13-58
205            <intent-filter>
205-->[com.stripe:link:20.43.0] AndroidManifest.xml:20:13-30:29
206                <action android:name="android.intent.action.VIEW" />
206-->[com.stripe:link:20.43.0] AndroidManifest.xml:21:17-69
206-->[com.stripe:link:20.43.0] AndroidManifest.xml:21:25-66
207
208                <category android:name="android.intent.category.DEFAULT" />
208-->src\main\AndroidManifest.xml:44:17-76
208-->src\main\AndroidManifest.xml:44:27-73
209                <category android:name="android.intent.category.BROWSABLE" />
209-->[com.stripe:link:20.43.0] AndroidManifest.xml:24:17-78
209-->[com.stripe:link:20.43.0] AndroidManifest.xml:24:27-75
210
211                <data
211-->[com.stripe:link:20.43.0] AndroidManifest.xml:26:17-29:51
212                    android:host="complete"
212-->[com.stripe:link:20.43.0] AndroidManifest.xml:27:21-44
213                    android:path="/com.pmdm.adogtale"
213-->[com.stripe:link:20.43.0] AndroidManifest.xml:28:21-53
214                    android:scheme="link-popup" />
214-->[com.stripe:link:20.43.0] AndroidManifest.xml:29:21-48
215            </intent-filter>
216        </activity>
217        <activity
217-->[com.stripe:payments-ui-core:20.43.0] AndroidManifest.xml:8:9-11:69
218            android:name="com.stripe.android.ui.core.cardscan.CardScanActivity"
218-->[com.stripe:payments-ui-core:20.43.0] AndroidManifest.xml:9:13-80
219            android:exported="false"
219-->[com.stripe:payments-ui-core:20.43.0] AndroidManifest.xml:10:13-37
220            android:theme="@style/StripePaymentSheetDefaultTheme" />
220-->[com.stripe:payments-ui-core:20.43.0] AndroidManifest.xml:11:13-66
221        <activity
221-->[com.stripe:payments-core:20.43.0] AndroidManifest.xml:15:9-18:57
222            android:name="com.stripe.android.view.AddPaymentMethodActivity"
222-->[com.stripe:payments-core:20.43.0] AndroidManifest.xml:16:13-76
223            android:exported="false"
223-->[com.stripe:payments-core:20.43.0] AndroidManifest.xml:17:13-37
224            android:theme="@style/StripeDefaultTheme" />
224-->[com.stripe:payments-core:20.43.0] AndroidManifest.xml:18:13-54
225        <activity
225-->[com.stripe:payments-core:20.43.0] AndroidManifest.xml:19:9-22:57
226            android:name="com.stripe.android.view.PaymentMethodsActivity"
226-->[com.stripe:payments-core:20.43.0] AndroidManifest.xml:20:13-74
227            android:exported="false"
227-->[com.stripe:payments-core:20.43.0] AndroidManifest.xml:21:13-37
228            android:theme="@style/StripeDefaultTheme" />
228-->[com.stripe:payments-core:20.43.0] AndroidManifest.xml:22:13-54
229        <activity
229-->[com.stripe:payments-core:20.43.0] AndroidManifest.xml:23:9-26:57
230            android:name="com.stripe.android.view.PaymentFlowActivity"
230-->[com.stripe:payments-core:20.43.0] AndroidManifest.xml:24:13-71
231            android:exported="false"
231-->[com.stripe:payments-core:20.43.0] AndroidManifest.xml:25:13-37
232            android:theme="@style/StripeDefaultTheme" />
232-->[com.stripe:payments-core:20.43.0] AndroidManifest.xml:26:13-54
233        <activity
233-->[com.stripe:payments-core:20.43.0] AndroidManifest.xml:27:9-31:58
234            android:name="com.stripe.android.view.PaymentAuthWebViewActivity"
234-->[com.stripe:payments-core:20.43.0] AndroidManifest.xml:28:13-78
235            android:exported="false"
235-->[com.stripe:payments-core:20.43.0] AndroidManifest.xml:29:13-37
236            android:theme="@style/StripeDefaultTheme"
236-->[com.stripe:payments-core:20.43.0] AndroidManifest.xml:30:13-54
237            android:windowSoftInputMode="adjustResize" />
237-->[com.stripe:payments-core:20.43.0] AndroidManifest.xml:31:13-55
238        <activity
238-->[com.stripe:payments-core:20.43.0] AndroidManifest.xml:32:9-35:61
239            android:name="com.stripe.android.view.PaymentRelayActivity"
239-->[com.stripe:payments-core:20.43.0] AndroidManifest.xml:33:13-72
240            android:exported="false"
240-->[com.stripe:payments-core:20.43.0] AndroidManifest.xml:34:13-37
241            android:theme="@style/StripeTransparentTheme" />
241-->[com.stripe:payments-core:20.43.0] AndroidManifest.xml:35:13-58
242        <!--
243        Set android:launchMode="singleTop" so that the StripeBrowserLauncherActivity instance that
244        launched the browser Activity will also handle the return URL deep link.
245        -->
246        <activity
246-->[com.stripe:payments-core:20.43.0] AndroidManifest.xml:41:9-45:61
247            android:name="com.stripe.android.payments.StripeBrowserLauncherActivity"
247-->[com.stripe:payments-core:20.43.0] AndroidManifest.xml:42:13-85
248            android:exported="false"
248-->[com.stripe:payments-core:20.43.0] AndroidManifest.xml:43:13-37
249            android:launchMode="singleTask"
249-->[com.stripe:payments-core:20.43.0] AndroidManifest.xml:44:13-44
250            android:theme="@style/StripeTransparentTheme" />
250-->[com.stripe:payments-core:20.43.0] AndroidManifest.xml:45:13-58
251        <activity
251-->[com.stripe:payments-core:20.43.0] AndroidManifest.xml:46:9-63:20
252            android:name="com.stripe.android.payments.StripeBrowserProxyReturnActivity"
252-->[com.stripe:payments-core:20.43.0] AndroidManifest.xml:47:13-88
253            android:exported="true"
253-->[com.stripe:payments-core:20.43.0] AndroidManifest.xml:48:13-36
254            android:launchMode="singleTask"
254-->[com.stripe:payments-core:20.43.0] AndroidManifest.xml:49:13-44
255            android:theme="@style/StripeTransparentTheme" >
255-->[com.stripe:payments-core:20.43.0] AndroidManifest.xml:50:13-58
256            <intent-filter>
256-->[com.stripe:payments-core:20.43.0] AndroidManifest.xml:51:13-62:29
257                <action android:name="android.intent.action.VIEW" />
257-->[com.stripe:link:20.43.0] AndroidManifest.xml:21:17-69
257-->[com.stripe:link:20.43.0] AndroidManifest.xml:21:25-66
258
259                <category android:name="android.intent.category.DEFAULT" />
259-->src\main\AndroidManifest.xml:44:17-76
259-->src\main\AndroidManifest.xml:44:27-73
260                <category android:name="android.intent.category.BROWSABLE" />
260-->[com.stripe:link:20.43.0] AndroidManifest.xml:24:17-78
260-->[com.stripe:link:20.43.0] AndroidManifest.xml:24:27-75
261
262                <!-- Must match `DefaultReturnUrl#value`. -->
263                <data
263-->[com.stripe:link:20.43.0] AndroidManifest.xml:26:17-29:51
264                    android:host="payment_return_url"
264-->[com.stripe:link:20.43.0] AndroidManifest.xml:27:21-44
265                    android:path="/com.pmdm.adogtale"
265-->[com.stripe:link:20.43.0] AndroidManifest.xml:28:21-53
266                    android:scheme="stripesdk" />
266-->[com.stripe:link:20.43.0] AndroidManifest.xml:29:21-48
267            </intent-filter>
268        </activity>
269        <activity
269-->[com.stripe:payments-core:20.43.0] AndroidManifest.xml:64:9-67:57
270            android:name="com.stripe.android.payments.core.authentication.threeds2.Stripe3ds2TransactionActivity"
270-->[com.stripe:payments-core:20.43.0] AndroidManifest.xml:65:13-114
271            android:exported="false"
271-->[com.stripe:payments-core:20.43.0] AndroidManifest.xml:66:13-37
272            android:theme="@style/StripeDefaultTheme" />
272-->[com.stripe:payments-core:20.43.0] AndroidManifest.xml:67:13-54
273        <activity
273-->[com.stripe:payments-core:20.43.0] AndroidManifest.xml:68:9-71:66
274            android:name="com.stripe.android.googlepaylauncher.GooglePayLauncherActivity"
274-->[com.stripe:payments-core:20.43.0] AndroidManifest.xml:69:13-90
275            android:exported="false"
275-->[com.stripe:payments-core:20.43.0] AndroidManifest.xml:70:13-37
276            android:theme="@style/StripeGooglePayDefaultTheme" />
276-->[com.stripe:payments-core:20.43.0] AndroidManifest.xml:71:13-63
277        <activity
277-->[com.stripe:payments-core:20.43.0] AndroidManifest.xml:72:9-75:66
278            android:name="com.stripe.android.googlepaylauncher.GooglePayPaymentMethodLauncherActivity"
278-->[com.stripe:payments-core:20.43.0] AndroidManifest.xml:73:13-103
279            android:exported="false"
279-->[com.stripe:payments-core:20.43.0] AndroidManifest.xml:74:13-37
280            android:theme="@style/StripeGooglePayDefaultTheme" />
280-->[com.stripe:payments-core:20.43.0] AndroidManifest.xml:75:13-63
281        <activity
281-->[com.stripe:payments-core:20.43.0] AndroidManifest.xml:76:9-79:68
282            android:name="com.stripe.android.payments.paymentlauncher.PaymentLauncherConfirmationActivity"
282-->[com.stripe:payments-core:20.43.0] AndroidManifest.xml:77:13-107
283            android:exported="false"
283-->[com.stripe:payments-core:20.43.0] AndroidManifest.xml:78:13-37
284            android:theme="@style/StripePayLauncherDefaultTheme" />
284-->[com.stripe:payments-core:20.43.0] AndroidManifest.xml:79:13-65
285        <activity
285-->[com.stripe:payments-core:20.43.0] AndroidManifest.xml:80:9-83:61
286            android:name="com.stripe.android.payments.bankaccount.ui.CollectBankAccountActivity"
286-->[com.stripe:payments-core:20.43.0] AndroidManifest.xml:81:13-97
287            android:exported="false"